2025-08-18 21:37:46,498 - socrates_system.modules.cross_alignment_checker_simple - INFO - Initializing Simplified Cross-Alignment Checker...
2025-08-18 21:37:46,498 - socrates_system.modules.cross_alignment_checker_simple - INFO - Simplified Cross-Alignment Checker initialized successfully
2025-08-18 21:39:03,168 - socrates_system.modules.cross_alignment_checker_simple - INFO - Initializing Simplified Cross-Alignment Checker...
2025-08-18 21:39:03,168 - socrates_system.modules.cross_alignment_checker_simple - INFO - Simplified Cross-Alignment Checker initialized successfully
2025-08-18 21:42:05,632 - socrates_system.modules.cross_alignment_checker_simple - INFO - Initializing Simplified Cross-Alignment Checker...
2025-08-18 21:42:05,632 - socrates_system.modules.cross_alignment_checker_simple - INFO - Simplified Cross-Alignment Checker initialized successfully
2025-08-18 21:45:13,599 - socrates_system.modules.cross_alignment_checker_simple - INFO - Initializing Simplified Cross-Alignment Checker...
2025-08-18 21:45:13,599 - socrates_system.modules.cross_alignment_checker_simple - INFO - Simplified Cross-Alignment Checker initialized successfully
2025-08-18 21:48:23,152 - socrates_system.modules.cross_alignment_checker_simple - INFO - Initializing Simplified Cross-Alignment Checker...
2025-08-18 21:48:23,152 - socrates_system.modules.cross_alignment_checker_simple - INFO - Simplified Cross-Alignment Checker initialized successfully
2025-08-18 21:50:37,180 - socrates_system.modules.cross_alignment_checker_simple - INFO - Initializing Simplified Cross-Alignment Checker...
2025-08-18 21:50:37,180 - socrates_system.modules.cross_alignment_checker_simple - INFO - Simplified Cross-Alignment Checker initialized successfully
2025-08-19 00:16:04,717 - socrates_system.modules.cross_alignment_checker_simple - INFO - Initializing Simplified Cross-Alignment Checker...
2025-08-19 00:16:04,717 - socrates_system.modules.cross_alignment_checker_simple - INFO - Simplified Cross-Alignment Checker initialized successfully
2025-08-19 00:22:41,091 - socrates_system.modules.cross_alignment_checker_simple - INFO - Initializing Simplified Cross-Alignment Checker...
2025-08-19 00:22:41,091 - socrates_system.modules.cross_alignment_checker_simple - INFO - Simplified Cross-Alignment Checker initialized successfully
2025-08-19 00:24:06,427 - socrates_system.modules.cross_alignment_checker_simple - INFO - Initializing Simplified Cross-Alignment Checker...
2025-08-19 00:24:06,427 - socrates_system.modules.cross_alignment_checker_simple - INFO - Simplified Cross-Alignment Checker initialized successfully
2025-08-19 00:56:12,992 - socrates_system.modules.cross_alignment_checker_simple - INFO - Initializing Simplified Cross-Alignment Checker...
2025-08-19 00:56:12,992 - socrates_system.modules.cross_alignment_checker_simple - INFO - Simplified Cross-Alignment Checker initialized successfully
2025-08-19 01:41:51,618 - socrates_system.modules.cross_alignment_checker_simple - INFO - Initializing Simplified Cross-Alignment Checker...
2025-08-19 01:41:51,618 - socrates_system.modules.cross_alignment_checker_simple - INFO - Simplified Cross-Alignment Checker initialized successfully
2025-08-19 01:49:01,549 - socrates_system.modules.cross_alignment_checker_simple - INFO - Initializing Simplified Cross-Alignment Checker...
2025-08-19 01:49:01,550 - socrates_system.modules.cross_alignment_checker_simple - INFO - Simplified Cross-Alignment Checker initialized successfully
2025-08-19 01:50:57,477 - socrates_system.modules.cross_alignment_checker_simple - INFO - Initializing Simplified Cross-Alignment Checker...
2025-08-19 01:50:57,478 - socrates_system.modules.cross_alignment_checker_simple - INFO - Simplified Cross-Alignment Checker initialized successfully
2025-08-19 01:51:54,203 - socrates_system.modules.cross_alignment_checker_simple - INFO - Initializing Simplified Cross-Alignment Checker...
2025-08-19 01:51:54,203 - socrates_system.modules.cross_alignment_checker_simple - INFO - Simplified Cross-Alignment Checker initialized successfully
2025-08-19 01:56:14,216 - socrates_system.modules.cross_alignment_checker_simple - INFO - Initializing Simplified Cross-Alignment Checker...
2025-08-19 01:56:14,216 - socrates_system.modules.cross_alignment_checker_simple - INFO - Simplified Cross-Alignment Checker initialized successfully
2025-08-19 02:15:42,663 - socrates_system.modules.cross_alignment_checker_simple - INFO - Initializing Simplified Cross-Alignment Checker...
2025-08-19 02:15:42,664 - socrates_system.modules.cross_alignment_checker_simple - INFO - Simplified Cross-Alignment Checker initialized successfully
2025-08-19 02:21:28,536 - socrates_system.modules.cross_alignment_checker_simple - INFO - Initializing Simplified Cross-Alignment Checker...
2025-08-19 02:21:28,536 - socrates_system.modules.cross_alignment_checker_simple - INFO - Simplified Cross-Alignment Checker initialized successfully
2025-08-19 02:24:53,031 - socrates_system.modules.cross_alignment_checker_simple - INFO - Initializing Simplified Cross-Alignment Checker...
2025-08-19 02:24:53,031 - socrates_system.modules.cross_alignment_checker_simple - INFO - Simplified Cross-Alignment Checker initialized successfully
2025-08-19 02:27:40,834 - socrates_system.modules.cross_alignment_checker_simple - INFO - Initializing Simplified Cross-Alignment Checker...
2025-08-19 02:27:40,834 - socrates_system.modules.cross_alignment_checker_simple - INFO - Simplified Cross-Alignment Checker initialized successfully
2025-08-19 02:28:57,742 - socrates_system.modules.cross_alignment_checker_simple - INFO - Initializing Simplified Cross-Alignment Checker...
2025-08-19 02:28:57,742 - socrates_system.modules.cross_alignment_checker_simple - INFO - Simplified Cross-Alignment Checker initialized successfully
2025-08-19 02:33:19,917 - socrates_system.modules.cross_alignment_checker_simple - INFO - Initializing Simplified Cross-Alignment Checker...
2025-08-19 02:33:19,917 - socrates_system.modules.cross_alignment_checker_simple - INFO - Simplified Cross-Alignment Checker initialized successfully
2025-08-19 03:24:20,113 - socrates_system.modules.cross_alignment_checker_simple - INFO - Initializing Simplified Cross-Alignment Checker...
2025-08-19 03:24:20,113 - socrates_system.modules.cross_alignment_checker_simple - INFO - Simplified Cross-Alignment Checker initialized successfully
2025-08-19 03:26:09,675 - socrates_system.modules.cross_alignment_checker_simple - INFO - Initializing Simplified Cross-Alignment Checker...
2025-08-19 03:26:09,675 - socrates_system.modules.cross_alignment_checker_simple - INFO - Simplified Cross-Alignment Checker initialized successfully
2025-08-19 03:26:15,454 - socrates_system.modules.cross_alignment_checker_simple - INFO - Checking alignment for claim: there are 2 dogs in the image...
2025-08-19 03:26:15,509 - socrates_system.modules.cross_alignment_checker_simple - INFO - Generated visual description: Image medium-sized image with prominent colors: gray, white, black
2025-08-19 03:26:15,509 - socrates_system.modules.cross_alignment_checker_simple - INFO - Alignment check completed: UNCERTAIN
2025-08-19 03:27:02,842 - socrates_system.modules.cross_alignment_checker_simple - INFO - Checking alignment for claim: the first dog is yellow...
2025-08-19 03:27:02,850 - socrates_system.modules.cross_alignment_checker_simple - INFO - Generated visual description: Image medium-sized image with prominent colors: gray, white, black
2025-08-19 03:27:02,851 - socrates_system.modules.cross_alignment_checker_simple - INFO - Alignment check completed: FAIL
2025-08-19 03:27:32,844 - socrates_system.modules.cross_alignment_checker_simple - INFO - Checking alignment for claim: the second one is black...
2025-08-19 03:27:32,853 - socrates_system.modules.cross_alignment_checker_simple - INFO - Generated visual description: Image medium-sized image with prominent colors: gray, white, black
2025-08-19 03:27:32,853 - socrates_system.modules.cross_alignment_checker_simple - INFO - Alignment check completed: UNCERTAIN
2025-08-19 03:30:29,766 - socrates_system.modules.cross_alignment_checker_simple - INFO - Initializing Simplified Cross-Alignment Checker...
2025-08-19 03:30:29,766 - socrates_system.modules.cross_alignment_checker_simple - INFO - Simplified Cross-Alignment Checker initialized successfully
2025-08-19 03:47:46,324 - socrates_system.modules.cross_alignment_checker_simple - INFO - Initializing Simplified Cross-Alignment Checker...
2025-08-19 03:47:46,324 - socrates_system.modules.cross_alignment_checker_simple - INFO - Simplified Cross-Alignment Checker initialized successfully
2025-08-19 03:48:44,524 - socrates_system.modules.cross_alignment_checker_simple - INFO - Initializing Simplified Cross-Alignment Checker...
2025-08-19 03:48:44,524 - socrates_system.modules.cross_alignment_checker_simple - INFO - Simplified Cross-Alignment Checker initialized successfully
2025-08-19 03:48:49,867 - socrates_system.modules.cross_alignment_checker_simple - INFO - Checking alignment for claim: there are 2 dogs in the image...
2025-08-19 03:48:49,898 - socrates_system.modules.cross_alignment_checker_simple - INFO - Generated visual description: Image medium-sized image with prominent colors: gray, white, black
2025-08-19 03:48:49,899 - socrates_system.modules.cross_alignment_checker_simple - INFO - Alignment check completed: UNCERTAIN
2025-08-19 03:52:54,168 - socrates_system.modules.cross_alignment_checker_simple - INFO - Initializing Simplified Cross-Alignment Checker...
2025-08-19 03:52:54,168 - socrates_system.modules.cross_alignment_checker_simple - INFO - Simplified Cross-Alignment Checker initialized successfully
2025-08-19 03:52:59,617 - socrates_system.modules.cross_alignment_checker_simple - INFO - Checking alignment for claim: There are 2 dogs in the image...
2025-08-19 03:52:59,645 - socrates_system.modules.cross_alignment_checker_simple - INFO - Generated visual description: Image medium-sized image with prominent colors: gray, white, black
2025-08-19 03:52:59,645 - socrates_system.modules.cross_alignment_checker_simple - INFO - Alignment check completed: UNCERTAIN
2025-08-19 03:53:08,489 - socrates_system.modules.cross_alignment_checker_simple - INFO - Checking alignment for claim: The number of dogs in the image...
2025-08-19 03:53:08,494 - socrates_system.modules.cross_alignment_checker_simple - INFO - Generated visual description: Image medium-sized image with prominent colors: gray, white, black
2025-08-19 03:53:08,495 - socrates_system.modules.cross_alignment_checker_simple - INFO - Alignment check completed: UNCERTAIN
2025-08-19 03:53:15,386 - socrates_system.modules.cross_alignment_checker_simple - INFO - Checking alignment for claim: The first dog is yellow...
2025-08-19 03:53:15,392 - socrates_system.modules.cross_alignment_checker_simple - INFO - Generated visual description: Image medium-sized image with prominent colors: gray, white, black
2025-08-19 03:53:15,392 - socrates_system.modules.cross_alignment_checker_simple - INFO - Alignment check completed: FAIL
2025-08-19 03:53:22,118 - socrates_system.modules.cross_alignment_checker_simple - INFO - Checking alignment for claim: The first dog is not yellow....
2025-08-19 03:53:22,123 - socrates_system.modules.cross_alignment_checker_simple - INFO - Generated visual description: Image medium-sized image with prominent colors: gray, white, black
2025-08-19 03:53:22,124 - socrates_system.modules.cross_alignment_checker_simple - INFO - Alignment check completed: FAIL
2025-08-19 03:53:38,963 - socrates_system.modules.cross_alignment_checker_simple - INFO - Checking alignment for claim: The second dog is black...
2025-08-19 03:53:38,972 - socrates_system.modules.cross_alignment_checker_simple - INFO - Generated visual description: Image medium-sized image with prominent colors: gray, white, black
2025-08-19 03:53:38,972 - socrates_system.modules.cross_alignment_checker_simple - INFO - Alignment check completed: UNCERTAIN
2025-08-19 03:56:17,725 - socrates_system.modules.cross_alignment_checker_simple - INFO - Initializing Simplified Cross-Alignment Checker...
2025-08-19 03:56:17,726 - socrates_system.modules.cross_alignment_checker_simple - INFO - Simplified Cross-Alignment Checker initialized successfully
2025-08-19 03:58:15,311 - socrates_system.modules.cross_alignment_checker_simple - INFO - Initializing Simplified Cross-Alignment Checker...
2025-08-19 03:58:15,312 - socrates_system.modules.cross_alignment_checker_simple - INFO - Simplified Cross-Alignment Checker initialized successfully
2025-08-19 04:03:20,226 - socrates_system.modules.cross_alignment_checker_simple - INFO - Initializing Simplified Cross-Alignment Checker...
2025-08-19 04:03:20,226 - socrates_system.modules.cross_alignment_checker_simple - INFO - Simplified Cross-Alignment Checker initialized successfully
2025-08-19 04:34:11,839 - socrates_system.modules.cross_alignment_checker_simple - INFO - Initializing Simplified Cross-Alignment Checker...
2025-08-19 04:34:11,839 - socrates_system.modules.cross_alignment_checker_simple - INFO - Simplified Cross-Alignment Checker initialized successfully
2025-08-19 04:34:59,454 - socrates_system.modules.cross_alignment_checker_simple - INFO - Initializing Simplified Cross-Alignment Checker...
2025-08-19 04:34:59,454 - socrates_system.modules.cross_alignment_checker_simple - INFO - Simplified Cross-Alignment Checker initialized successfully
2025-08-19 04:36:35,796 - socrates_system.modules.cross_alignment_checker_simple - INFO - Initializing Simplified Cross-Alignment Checker...
2025-08-19 04:36:35,796 - socrates_system.modules.cross_alignment_checker_simple - INFO - Simplified Cross-Alignment Checker initialized successfully
2025-08-19 04:40:41,856 - socrates_system.modules.cross_alignment_checker_simple - INFO - Initializing Simplified Cross-Alignment Checker...
2025-08-19 04:40:41,856 - socrates_system.modules.cross_alignment_checker_simple - INFO - Simplified Cross-Alignment Checker initialized successfully
2025-08-20 00:24:41,564 - socrates_system.modules.cross_alignment_checker_simple - INFO - Initializing Simplified Cross-Alignment Checker...
2025-08-20 00:24:41,564 - socrates_system.modules.cross_alignment_checker_simple - INFO - Simplified Cross-Alignment Checker initialized successfully
2025-08-20 00:27:34,264 - socrates_system.modules.cross_alignment_checker_simple - INFO - Initializing Simplified Cross-Alignment Checker...
2025-08-20 00:27:34,265 - socrates_system.modules.cross_alignment_checker_simple - INFO - Simplified Cross-Alignment Checker initialized successfully
2025-08-20 00:34:56,570 - socrates_system.modules.cross_alignment_checker_simple - INFO - Initializing Simplified Cross-Alignment Checker...
2025-08-20 00:34:56,570 - socrates_system.modules.cross_alignment_checker_simple - INFO - Simplified Cross-Alignment Checker initialized successfully
2025-08-20 00:42:12,421 - socrates_system.modules.cross_alignment_checker_simple - INFO - Initializing Simplified Cross-Alignment Checker...
2025-08-20 00:42:12,421 - socrates_system.modules.cross_alignment_checker_simple - INFO - Simplified Cross-Alignment Checker initialized successfully
2025-08-20 02:16:56,130 - socrates_system.modules.cross_alignment_checker_simple - INFO - Initializing Simplified Cross-Alignment Checker...
2025-08-20 02:16:56,131 - socrates_system.modules.cross_alignment_checker_simple - INFO - Simplified Cross-Alignment Checker initialized successfully
2025-08-20 02:18:15,241 - socrates_system.modules.cross_alignment_checker_simple - INFO - Initializing Simplified Cross-Alignment Checker...
2025-08-20 02:18:15,242 - socrates_system.modules.cross_alignment_checker_simple - INFO - Simplified Cross-Alignment Checker initialized successfully
2025-08-20 05:16:50,965 - socrates_system.modules.cross_alignment_checker_simple - INFO - Initializing Simplified Cross-Alignment Checker...
2025-08-20 05:16:50,967 - socrates_system.modules.cross_alignment_checker_simple - INFO - Simplified Cross-Alignment Checker initialized successfully
2025-08-20 05:18:48,140 - socrates_system.modules.cross_alignment_checker_simple - INFO - Initializing Simplified Cross-Alignment Checker...
2025-08-20 05:18:48,140 - socrates_system.modules.cross_alignment_checker_simple - INFO - Simplified Cross-Alignment Checker initialized successfully
2025-08-20 05:19:42,393 - socrates_system.modules.cross_alignment_checker_simple - INFO - Initializing Simplified Cross-Alignment Checker...
2025-08-20 05:19:42,393 - socrates_system.modules.cross_alignment_checker_simple - INFO - Simplified Cross-Alignment Checker initialized successfully
2025-08-20 05:20:46,040 - socrates_system.modules.cross_alignment_checker_simple - INFO - Checking alignment for claim: The fire hydrant cap is red...
2025-08-20 05:20:46,041 - socrates_system.modules.cross_alignment_checker_simple - ERROR - Error in alignment check: [Errno 2] No such file or directory: '/Users/mohammed/Desktop/Socrates/Socrates/https:/c4.staticflickr.com/8/7211/7206072054_c53d53b97d_o.jpg'
2025-08-20 05:26:58,234 - socrates_system.modules.cross_alignment_checker_simple - INFO - Initializing Simplified Cross-Alignment Checker...
2025-08-20 05:26:58,235 - socrates_system.modules.cross_alignment_checker_simple - INFO - Simplified Cross-Alignment Checker initialized successfully
2025-08-20 05:27:22,562 - socrates_system.modules.cross_alignment_checker_simple - INFO - Checking alignment for claim: The fire hydrant cap is red...
2025-08-20 05:27:22,563 - socrates_system.modules.cross_alignment_checker_simple - ERROR - Error in alignment check: [Errno 2] No such file or directory: '/Users/mohammed/Desktop/Socrates/Socrates/https:/c4.staticflickr.com/8/7211/7206072054_c53d53b97d_o.jpg'
2025-08-20 05:32:10,643 - socrates_system.modules.cross_alignment_checker_simple - INFO - Checking alignment for claim: There is someone sitting on the bench...
2025-08-20 05:32:10,645 - socrates_system.modules.cross_alignment_checker_simple - ERROR - Error in alignment check: [Errno 2] No such file or directory: '/Users/mohammed/Desktop/Socrates/Socrates/https:/farm2.staticflickr.com/5443/7413067568_06a8d1eb64_o.jpg'
2025-08-20 05:37:50,821 - socrates_system.modules.cross_alignment_checker_simple - INFO - Checking alignment for claim: Which wooden stool has a vase with red flower on i...
2025-08-20 05:37:50,822 - socrates_system.modules.cross_alignment_checker_simple - ERROR - Error in alignment check: [Errno 2] No such file or directory: '/Users/mohammed/Desktop/Socrates/Socrates/https:/farm8.staticflickr.com/137/383965780_db4815011c_o.jpg'
2025-08-20 05:38:31,544 - socrates_system.modules.cross_alignment_checker_simple - INFO - Checking alignment for claim: There is no wooden stool that has a vase with a re...
2025-08-20 05:38:31,545 - socrates_system.modules.cross_alignment_checker_simple - ERROR - Error in alignment check: [Errno 2] No such file or directory: '/Users/mohammed/Desktop/Socrates/Socrates/https:/farm8.staticflickr.com/137/383965780_db4815011c_o.jpg'
2025-08-20 05:38:45,201 - socrates_system.modules.cross_alignment_checker_simple - INFO - Checking alignment for claim: Wooden stools are inanimate objects...
2025-08-20 05:38:45,201 - socrates_system.modules.cross_alignment_checker_simple - ERROR - Error in alignment check: [Errno 2] No such file or directory: '/Users/mohammed/Desktop/Socrates/Socrates/https:/farm8.staticflickr.com/137/383965780_db4815011c_o.jpg'
2025-08-20 05:40:19,513 - socrates_system.modules.cross_alignment_checker_simple - INFO - Checking alignment for claim: Maybe a painting or a photograph...
2025-08-20 05:40:19,514 - socrates_system.modules.cross_alignment_checker_simple - ERROR - Error in alignment check: [Errno 2] No such file or directory: '/Users/mohammed/Desktop/Socrates/Socrates/https:/farm8.staticflickr.com/137/383965780_db4815011c_o.jpg'
2025-08-20 05:40:44,748 - socrates_system.modules.cross_alignment_checker_simple - INFO - Checking alignment for claim: There is at least one traffic light in the image...
2025-08-20 05:40:44,749 - socrates_system.modules.cross_alignment_checker_simple - ERROR - Error in alignment check: [Errno 2] No such file or directory: '/Users/mohammed/Desktop/Socrates/Socrates/https:/c6.staticflickr.com/8/7618/16875241476_3b79e5d79b_o.jpg'
2025-08-20 05:40:58,338 - socrates_system.modules.cross_alignment_checker_simple - INFO - Checking alignment for claim: The number of traffic lights in the image cannot b...
2025-08-20 05:40:58,338 - socrates_system.modules.cross_alignment_checker_simple - ERROR - Error in alignment check: [Errno 2] No such file or directory: '/Users/mohammed/Desktop/Socrates/Socrates/https:/c6.staticflickr.com/8/7618/16875241476_3b79e5d79b_o.jpg'
2025-08-20 05:43:19,984 - socrates_system.modules.cross_alignment_checker_simple - INFO - Checking alignment for claim: The traffic signs at the top are red...
2025-08-20 05:43:19,984 - socrates_system.modules.cross_alignment_checker_simple - ERROR - Error in alignment check: [Errno 2] No such file or directory: '/Users/mohammed/Desktop/Socrates/Socrates/https:/farm3.staticflickr.com/3640/3576366805_eea15333d5_o.jpg'
2025-08-20 05:43:32,979 - socrates_system.modules.cross_alignment_checker_simple - INFO - Checking alignment for claim: The traffic signs in the middle are yellow...
2025-08-20 05:43:32,980 - socrates_system.modules.cross_alignment_checker_simple - ERROR - Error in alignment check: [Errno 2] No such file or directory: '/Users/mohammed/Desktop/Socrates/Socrates/https:/farm3.staticflickr.com/3640/3576366805_eea15333d5_o.jpg'
2025-08-20 05:43:46,534 - socrates_system.modules.cross_alignment_checker_simple - INFO - Checking alignment for claim: The traffic signs at the bottom are green...
2025-08-20 05:43:46,535 - socrates_system.modules.cross_alignment_checker_simple - ERROR - Error in alignment check: [Errno 2] No such file or directory: '/Users/mohammed/Desktop/Socrates/Socrates/https:/farm3.staticflickr.com/3640/3576366805_eea15333d5_o.jpg'
2025-08-20 05:49:29,267 - socrates_system.modules.cross_alignment_checker_simple - INFO - Initializing Simplified Cross-Alignment Checker...
2025-08-20 05:49:29,268 - socrates_system.modules.cross_alignment_checker_simple - INFO - Simplified Cross-Alignment Checker initialized successfully
2025-08-20 05:52:03,399 - socrates_system.modules.cross_alignment_checker_simple - INFO - Initializing Simplified Cross-Alignment Checker...
2025-08-20 05:52:03,400 - socrates_system.modules.cross_alignment_checker_simple - INFO - Simplified Cross-Alignment Checker initialized successfully
2025-08-20 16:23:22,305 - socrates_system.modules.cross_alignment_checker_simple - INFO - Initializing Simplified Cross-Alignment Checker...
2025-08-20 16:23:22,305 - socrates_system.modules.cross_alignment_checker_simple - INFO - Simplified Cross-Alignment Checker initialized successfully
2025-08-20 16:24:12,500 - socrates_system.modules.cross_alignment_checker_simple - INFO - Checking alignment for claim: There is a screw in the image...
2025-08-20 16:24:12,600 - socrates_system.modules.cross_alignment_checker_simple - INFO - Generated visual description: Image large image with prominent colors: gray, white, red
2025-08-20 16:24:12,600 - socrates_system.modules.cross_alignment_checker_simple - INFO - Alignment check completed: UNCERTAIN
2025-08-20 16:29:13,853 - socrates_system.modules.cross_alignment_checker_simple - INFO - Initializing Simplified Cross-Alignment Checker...
2025-08-20 16:29:13,853 - socrates_system.modules.cross_alignment_checker_simple - INFO - Simplified Cross-Alignment Checker initialized successfully
2025-08-20 16:34:15,959 - socrates_system.modules.cross_alignment_checker_simple - INFO - Initializing Simplified Cross-Alignment Checker...
2025-08-20 16:34:15,960 - socrates_system.modules.cross_alignment_checker_simple - INFO - Simplified Cross-Alignment Checker initialized successfully
