2025-08-17 18:10:05,202 - socrates_system.modules.knowledge_graph_manager - INFO - Initializing Knowledge Graph Manager...
2025-08-17 18:10:07,139 - socrates_system.modules.knowledge_graph_manager - INFO - Knowledge Graph Manager initialized successfully
2025-08-17 18:10:07,139 - socrates_system.modules.knowledge_graph_manager - INFO - Initializing session KG: d143c49a-9682-4969-a86b-382172e27cd6
2025-08-17 18:11:14,658 - socrates_system.modules.knowledge_graph_manager - INFO - Adding claim to KG: A red double-decker bus is passing by Big Ben unde...
2025-08-17 18:11:14,659 - socrates_system.modules.knowledge_graph_manager - INFO - Extracting entities and relations from: A red double-decker bus is passing by Big Ben unde...
2025-08-17 18:11:14,733 - socrates_system.modules.knowledge_graph_manager - INFO - Extracted 1 entities and 0 relations
2025-08-17 18:11:14,735 - socrates_system.modules.knowledge_graph_manager - INFO - Claim added successfully with 1 entities and 0 relations
2025-08-17 18:12:08,761 - socrates_system.modules.knowledge_graph_manager - INFO - Adding claim to KG: The capital of France is Paris...
2025-08-17 18:12:08,761 - socrates_system.modules.knowledge_graph_manager - INFO - Extracting entities and relations from: The capital of France is Paris...
2025-08-17 18:12:08,790 - socrates_system.modules.knowledge_graph_manager - INFO - Extracted 2 entities and 0 relations
2025-08-17 18:12:08,793 - socrates_system.modules.knowledge_graph_manager - INFO - Claim added successfully with 2 entities and 0 relations
2025-08-17 18:12:56,545 - socrates_system.modules.knowledge_graph_manager - INFO - Adding claim to KG: Alexander Fleming discovered penicillin in 1928...
2025-08-17 18:12:56,545 - socrates_system.modules.knowledge_graph_manager - INFO - Extracting entities and relations from: Alexander Fleming discovered penicillin in 1928...
2025-08-17 18:12:56,570 - socrates_system.modules.knowledge_graph_manager - INFO - Extracted 2 entities and 1 relations
2025-08-17 18:12:56,573 - socrates_system.modules.knowledge_graph_manager - INFO - Claim added successfully with 2 entities and 1 relations
2025-08-17 18:13:34,826 - socrates_system.modules.knowledge_graph_manager - INFO - Adding claim to KG: Water boils at 100°C at sea level...
2025-08-17 18:13:34,827 - socrates_system.modules.knowledge_graph_manager - INFO - Extracting entities and relations from: Water boils at 100°C at sea level...
2025-08-17 18:13:34,838 - socrates_system.modules.knowledge_graph_manager - INFO - Extracted 1 entities and 0 relations
2025-08-17 18:13:34,841 - socrates_system.modules.knowledge_graph_manager - INFO - Claim added successfully with 1 entities and 0 relations
2025-08-17 18:25:19,075 - socrates_system.modules.knowledge_graph_manager - INFO - Adding claim to KG: Plato described Atlantis as "an island situated in...
2025-08-17 18:25:19,076 - socrates_system.modules.knowledge_graph_manager - INFO - Extracting entities and relations from: Plato described Atlantis as "an island situated in...
2025-08-17 18:25:19,134 - socrates_system.modules.knowledge_graph_manager - INFO - Extracted 3 entities and 1 relations
2025-08-17 18:25:19,137 - socrates_system.modules.knowledge_graph_manager - INFO - Claim added successfully with 3 entities and 1 relations
2025-08-17 18:25:36,690 - socrates_system.modules.knowledge_graph_manager - INFO - Adding claim to KG: It is the tallest one...
2025-08-17 18:25:36,690 - socrates_system.modules.knowledge_graph_manager - INFO - Extracting entities and relations from: It is the tallest one...
2025-08-17 18:25:36,701 - socrates_system.modules.knowledge_graph_manager - INFO - Extracted 1 entities and 0 relations
2025-08-17 18:25:36,704 - socrates_system.modules.knowledge_graph_manager - INFO - Claim added successfully with 1 entities and 0 relations
2025-08-17 18:25:49,837 - socrates_system.modules.knowledge_graph_manager - INFO - Adding claim to KG: The painting is beautiful and deeply moving...
2025-08-17 18:25:49,837 - socrates_system.modules.knowledge_graph_manager - INFO - Extracting entities and relations from: The painting is beautiful and deeply moving...
2025-08-17 18:25:49,849 - socrates_system.modules.knowledge_graph_manager - INFO - Extracted 0 entities and 0 relations
2025-08-17 18:25:49,851 - socrates_system.modules.knowledge_graph_manager - INFO - Claim added successfully with 0 entities and 0 relations
2025-08-17 18:26:03,091 - socrates_system.modules.knowledge_graph_manager - INFO - Adding claim to KG: First, boil water and then add pasta, stirring for...
2025-08-17 18:26:03,091 - socrates_system.modules.knowledge_graph_manager - INFO - Extracting entities and relations from: First, boil water and then add pasta, stirring for...
2025-08-17 18:26:03,111 - socrates_system.modules.knowledge_graph_manager - INFO - Extracted 2 entities and 0 relations
2025-08-17 18:26:03,117 - socrates_system.modules.knowledge_graph_manager - INFO - Claim added successfully with 2 entities and 0 relations
2025-08-17 18:26:37,127 - socrates_system.modules.knowledge_graph_manager - INFO - Adding claim to KG: As previously stated, Paris remains the capital of...
2025-08-17 18:26:37,127 - socrates_system.modules.knowledge_graph_manager - INFO - Extracting entities and relations from: As previously stated, Paris remains the capital of...
2025-08-17 18:26:37,152 - socrates_system.modules.knowledge_graph_manager - INFO - Extracted 2 entities and 0 relations
2025-08-17 18:26:37,155 - socrates_system.modules.knowledge_graph_manager - INFO - Claim added successfully with 2 entities and 0 relations
